TN:
SF:src/contracts/YardFactory.sol
FN:45,YardFactory.setRouter
FNDA:1242,YardFactory.setRouter
DA:46,981
DA:46,981
DA:46,981
BRDA:46,0,0,1
BRDA:46,0,1,980
DA:46,1
DA:47,980
DA:47,980
DA:48,980
DA:48,980
FN:56,YardFactory.setWrapper
FNDA:1242,YardFactory.setWrapper
DA:57,981
DA:57,981
DA:57,981
BRDA:57,1,0,1
BRDA:57,1,1,980
DA:57,1
DA:58,980
DA:58,980
FN:63,YardFactory.getPair
FNDA:21776,YardFactory.getPair
DA:64,24951
DA:64,24951
FN:88,YardFactory.createPair
FNDA:3437,YardFactory.createPair
DA:99,3176
DA:99,3176
DA:99,3176
DA:99,3176
BRDA:99,2,0,1
BRDA:99,2,1,3175
DA:99,1
DA:100,3175
DA:100,3175
DA:102,3175
DA:102,3175
DA:102,3175
BRDA:102,3,0,4
BRDA:102,3,1,3171
DA:103,4
DA:103,4
DA:105,3171
DA:105,3171
DA:118,2910
DA:118,2910
DA:119,2910
DA:119,2910
DA:121,2908
DA:121,2908
DA:122,2908
DA:122,2908
DA:123,2908
DA:123,2908
DA:125,2908
DA:125,2908
FN:141,YardFactory._addLiquidityToPair
FNDA:2914,YardFactory._addLiquidityToPair
DA:150,2914
DA:150,2914
BRDA:150,4,0,2
BRDA:150,4,1,2912
DA:150,2
DA:151,2912
DA:151,2912
BRDA:151,5,0,2
BRDA:151,5,1,2910
DA:151,2
DA:153,2910
DA:153,2910
DA:153,17455
DA:153,14545
DA:154,14546
DA:154,14546
DA:155,14545
DA:155,14545
DA:157,14545
DA:157,14545
DA:164,14545
DA:164,14545
FN:177,YardFactory.onERC721Received
FNDA:29042,YardFactory.onERC721Received
DA:183,29042
DA:183,29042
FNF:6
FNH:6
LF:25
LH:25
BRF:12
BRH:12
end_of_record
TN:
SF:src/contracts/YardPair.sol
FN:156,YardPair.addLiquidity
FNDA:33845,YardPair.addLiquidity
DA:166,33584
DA:166,33584
BRDA:166,0,0,261
BRDA:166,0,1,33323
DA:166,261
DA:167,33323
DA:167,33323
DA:167,33323
DA:167,33323
BRDA:167,1,0,1
BRDA:167,1,1,33322
DA:167,1
DA:168,33322
BRDA:168,2,0,1
BRDA:168,2,1,33321
DA:168,1
DA:169,33321
DA:169,33321
DA:169,33321
BRDA:169,3,0,1
BRDA:169,3,1,33320
DA:169,1
DA:171,33320
DA:171,33320
DA:172,33320
DA:172,33320
DA:173,33320
DA:173,33320
DA:175,33320
DA:175,33320
DA:177,33320
DA:177,33320
DA:179,33320
DA:179,33320
DA:181,33320
DA:181,33320
DA:182,33320
DA:182,33320
DA:183,33320
DA:183,33320
DA:185,33320
DA:185,33320
FN:203,YardPair.removeLiquidity
FNDA:3157,YardPair.removeLiquidity
DA:215,2895
DA:215,2895
BRDA:215,4,0,261
BRDA:215,4,1,2634
DA:215,261
DA:216,2634
DA:216,2634
BRDA:216,5,0,261
BRDA:216,5,1,2373
DA:217,261
DA:217,261
DA:219,2373
DA:219,2373
BRDA:219,6,0,261
BRDA:219,6,1,2112
DA:219,261
DA:221,2112
DA:221,2112
BRDA:221,7,0,260
BRDA:221,7,1,1852
DA:221,260
DA:222,1852
DA:222,1852
BRDA:222,8,0,-
BRDA:222,8,1,1852
DA:222,0
DA:223,1852
DA:223,1852
DA:223,1852
BRDA:223,9,0,1
BRDA:223,9,1,1851
DA:223,1
DA:224,1851
DA:224,1851
BRDA:224,10,0,1
BRDA:224,10,1,1850
DA:224,1
DA:226,1850
DA:226,1850
DA:226,1850
DA:228,1850
DA:228,1850
DA:229,1850
DA:229,1850
DA:231,1850
DA:231,1850
DA:232,1850
DA:232,1850
DA:233,1850
DA:233,1850
DA:235,1850
DA:235,1850
DA:237,1850
BRDA:237,11,0,-
BRDA:237,11,1,1849
DA:238,1849
DA:238,1849
DA:240,1849
DA:240,1849
DA:241,1849
DA:241,1849
DA:242,1
DA:242,1
DA:244,1850
DA:244,1850
DA:246,1850
DA:246,1850
DA:248,1850
DA:248,1850
FN:261,YardPair.swap
FNDA:4446,YardPair.swap
DA:273,4184
DA:273,4184
DA:273,4184
DA:273,4184
BRDA:273,12,0,48
BRDA:273,12,1,3923
DA:273,48
DA:275,3923
DA:275,3923
DA:275,3923
DA:277,3923
DA:277,3923
BRDA:277,13,0,1
BRDA:277,13,1,3922
DA:277,1
DA:278,3922
DA:278,3922
BRDA:278,14,0,1
BRDA:278,14,1,3921
DA:278,1
DA:279,3921
DA:279,3921
DA:279,3921
DA:279,3921
BRDA:279,15,0,1
BRDA:279,15,1,3920
DA:279,1
DA:280,3920
DA:280,3920
DA:280,3920
BRDA:280,16,0,1
BRDA:280,16,1,3919
DA:280,1
DA:282,3919
DA:282,3919
DA:283,3919
DA:283,3919
DA:285,3919
DA:285,3919
DA:287,3919
DA:287,3919
DA:289,3919
DA:289,3919
FN:304,YardPair.claimRewards
FNDA:266,YardPair.claimRewards
DA:305,266
DA:305,266
DA:305,266
BRDA:305,17,0,1
BRDA:305,17,1,265
DA:305,1
DA:306,265
DA:306,265
BRDA:306,18,0,261
BRDA:306,18,1,4
DA:306,261
DA:307,4
DA:307,4
BRDA:307,19,0,1
BRDA:307,19,1,3
DA:308,1
DA:308,1
DA:310,3
DA:310,3
DA:311,3
DA:311,3
DA:312,3
DA:312,3
DA:314,3
DA:314,3
DA:316,3
DA:316,3
FN:321,YardPair.getAllReserves
FNDA:1050,YardPair.getAllReserves
DA:322,1050
DA:322,1050
FN:328,YardPair.getReservesFor
FNDA:3144,YardPair.getReservesFor
DA:329,7067
DA:329,7067
DA:330,7067
DA:330,7067
DA:334,7067
DA:334,7067
BRDA:334,20,0,1577
BRDA:334,20,1,2884
DA:335,1577
DA:335,1577
DA:336,1577
DA:336,1577
DA:339,7067
DA:339,7067
BRDA:339,21,0,5490
BRDA:339,21,1,17244
DA:340,5490
DA:340,5490
DA:341,5490
DA:341,5490
DA:344,7067
DA:344,7067
FN:350,YardPair.calculateRewards
FNDA:265,YardPair.calculateRewards
DA:351,268
DA:351,268
DA:351,268
FN:358,YardPair.onERC721Received
FNDA:38298,YardPair.onERC721Received
DA:364,38298
DA:364,38298
FN:374,YardPair._balancePoolReserves
FNDA:5768,YardPair._balancePoolReserves
DA:375,5768
DA:375,5768
DA:377,5768
DA:377,5768
DA:379,5768
DA:379,5768
BRDA:379,22,0,-
BRDA:379,22,1,1056
DA:380,1056
DA:380,1056
DA:381,1056
DA:381,1056
DA:384,1056
DA:384,1056
DA:386,4712
DA:386,4712
DA:387,4712
DA:387,4712
DA:390,4712
DA:390,4712
DA:393,5768
DA:393,5768
DA:394,5768
DA:394,5768
DA:396,5768
DA:396,5768
FN:410,YardPair._updatePoolReserves
FNDA:37239,YardPair._updatePoolReserves
DA:411,37239
DA:411,37239
DA:413,37239
DA:413,37239
DA:414,37239
DA:414,37239
DA:416,37239
DA:416,37239
DA:420,37239
DA:420,37239
FN:431,YardPair._calculateRewards
FNDA:268,YardPair._calculateRewards
DA:436,268
DA:436,268
DA:436,268
DA:436,268
DA:437,268
DA:437,268
DA:437,268
DA:438,268
DA:438,268
DA:440,268
DA:440,268
DA:440,268
FN:450,YardPair._calculateLPRewards
FNDA:1850,YardPair._calculateLPRewards
DA:455,1850
DA:455,1850
DA:455,1850
DA:457,1850
DA:457,1850
DA:457,1850
DA:458,1850
DA:458,1850
DA:460,1850
DA:460,1850
DA:460,1850
FNF:12
FNH:12
LF:94
LH:94
BRF:46
BRH:43
end_of_record
TN:
SF:src/contracts/YardRouter.sol
FN:77,YardRouter.setFactory
FNDA:4731,YardRouter.setFactory
DA:78,4470
DA:78,4470
DA:78,4470
BRDA:78,0,0,1
BRDA:78,0,1,4469
DA:78,1
DA:79,4469
DA:79,4469
DA:80,4469
DA:80,4469
FN:94,YardRouter.getPair
FNDA:1053,YardRouter.getPair
DA:95,11278
DA:95,11278
DA:95,11278
DA:95,11278
BRDA:95,1,0,1308
BRDA:95,1,1,9970
DA:95,1308
DA:96,9970
DA:96,9970
FN:111,YardRouter.addLiquidity
FNDA:1044,YardRouter.addLiquidity
DA:119,1044
DA:119,1044
DA:120,782
DA:120,782
FN:141,YardRouter.addBatchLiquidity
FNDA:266,YardRouter.addBatchLiquidity
DA:148,266
DA:148,266
BRDA:148,2,0,1
BRDA:148,2,1,265
DA:148,1
DA:151,265
DA:151,265
DA:153,265
DA:153,265
DA:155,265
DA:155,265
DA:155,1590
DA:155,1325
DA:156,1325
DA:156,1325
DA:165,265
DA:165,265
FN:180,YardRouter.removeLiquidity
FNDA:263,YardRouter.removeLiquidity
DA:189,262
DA:189,262
DA:191,262
DA:191,262
DA:200,262
DA:200,262
FN:215,YardRouter.removeBatchLiquidity
FNDA:271,YardRouter.removeBatchLiquidity
DA:224,266
DA:224,266
DA:226,266
DA:226,266
BRDA:226,3,0,1
BRDA:226,3,1,265
DA:226,1
DA:227,265
DA:227,265
BRDA:227,4,0,1
BRDA:227,4,1,264
DA:227,1
DA:229,264
DA:229,264
DA:231,264
DA:231,264
DA:231,1584
DA:231,1320
DA:232,1320
DA:232,1320
DA:242,264
DA:242,264
FN:257,YardRouter.createPair
FNDA:3169,YardRouter.createPair
DA:266,3169
DA:266,3169
BRDA:265,5,0,2
BRDA:265,5,1,3167
DA:268,2
DA:268,2
DA:270,3167
DA:270,3167
BRDA:270,6,0,1
BRDA:270,6,1,3166
DA:270,1
DA:271,3166
DA:271,3166
BRDA:271,7,0,1
BRDA:271,7,1,3165
DA:271,1
DA:272,3165
DA:272,3165
DA:272,3165
BRDA:272,8,0,1
BRDA:272,8,1,3164
DA:272,1
DA:274,3164
DA:274,3164
DA:274,3164
DA:275,3164
DA:275,3164
BRDA:275,9,0,260
BRDA:275,9,1,2904
DA:275,260
DA:277,2904
DA:277,2904
DA:277,17424
DA:277,14520
DA:278,14520
DA:278,14520
DA:279,14520
DA:279,14520
DA:282,2904
DA:282,2904
FN:310,YardRouter.swapNFTForExactNFT
FNDA:525,YardRouter.swapNFTForExactNFT
DA:316,3660
DA:316,3660
BRDA:316,10,0,1
BRDA:316,10,1,3659
DA:316,1
DA:319,3659
DA:319,3659
DA:319,3659
DA:320,3657
DA:320,3657
BRDA:320,11,0,-
BRDA:320,11,1,3657
DA:320,0
DA:322,3657
DA:322,3657
FN:345,YardRouter.swapExactNFTsForExactNFTsAcrossPools
FNDA:267,YardRouter.swapExactNFTsForExactNFTsAcrossPools
DA:351,267
DA:351,267
BRDA:351,12,0,1
BRDA:351,12,1,266
DA:351,1
DA:352,266
DA:352,266
BRDA:352,13,0,1
BRDA:352,13,1,265
DA:352,1
DA:353,265
DA:353,265
DA:353,265
BRDA:353,14,0,1
BRDA:353,14,1,264
DA:353,1
DA:355,264
DA:355,264
DA:357,264
DA:357,264
DA:357,787
DA:357,787
DA:357,523
DA:358,526
DA:358,526
DA:358,526
DA:359,526
DA:359,526
DA:360,526
DA:360,526
DA:362,526
DA:362,526
BRDA:362,15,0,-
BRDA:362,15,1,264
DA:364,264
DA:364,264
DA:366,262
DA:366,262
DA:366,262
DA:367,261
DA:367,261
BRDA:367,16,0,-
BRDA:367,16,1,261
DA:367,0
DA:369,261
DA:369,261
DA:370,261
DA:370,261
DA:371,261
DA:371,261
DA:379,261
DA:379,261
DA:383,261
DA:383,261
DA:385,261
DA:385,261
FN:403,YardRouter.swapBatchNFTsForExactNFTs
FNDA:264,YardRouter.swapBatchNFTsForExactNFTs
DA:409,264
DA:409,264
BRDA:409,17,0,1
BRDA:409,17,1,263
DA:409,1
DA:410,263
DA:410,263
BRDA:410,18,0,1
BRDA:410,18,1,262
DA:410,1
DA:411,262
DA:411,262
BRDA:411,19,0,1
BRDA:411,19,1,261
DA:411,1
DA:413,261
DA:413,261
DA:415,261
DA:415,261
DA:415,1566
DA:415,1305
DA:416,1305
DA:416,1305
DA:419,261
DA:419,261
FN:435,YardRouter.swapNFTForArbitraryNFT
FNDA:262,YardRouter.swapNFTForArbitraryNFT
DA:440,262
DA:440,262
BRDA:440,20,0,1
BRDA:440,20,1,261
DA:440,1
DA:442,261
DA:442,261
DA:443,261
DA:443,261
FN:455,YardRouter.swapBatchNFTsForArbitraryNFTs
FNDA:263,YardRouter.swapBatchNFTsForArbitraryNFTs
DA:460,263
DA:460,263
BRDA:460,21,0,1
BRDA:460,21,1,262
DA:460,1
DA:461,262
DA:461,262
BRDA:461,22,0,1
BRDA:461,22,1,261
DA:461,1
DA:463,261
DA:463,261
DA:465,261
DA:465,261
DA:465,1566
DA:465,1305
DA:466,1305
DA:466,1305
DA:466,1305
DA:467,1305
DA:467,1305
FN:479,YardRouter.takeRewards
FNDA:262,YardRouter.takeRewards
DA:483,262
DA:483,262
DA:483,262
DA:484,1
DA:484,1
BRDA:484,23,0,-
BRDA:484,23,1,1
DA:484,0
DA:486,1
DA:486,1
DA:486,1
FN:497,YardRouter.viewAllReserves
FNDA:262,YardRouter.viewAllReserves
DA:502,262
DA:502,262
DA:502,262
DA:503,1
DA:503,1
BRDA:503,24,0,-
BRDA:503,24,1,1
DA:503,0
DA:505,1
DA:505,1
DA:505,1
FN:517,YardRouter.getRewards
FNDA:262,YardRouter.getRewards
DA:522,262
DA:522,262
DA:522,262
DA:523,1
DA:523,1
BRDA:523,25,0,-
BRDA:523,25,1,1
DA:523,0
DA:525,1
DA:525,1
DA:525,1
FN:539,YardRouter.precalculateOutputNFT
FNDA:263,YardRouter.precalculateOutputNFT
DA:544,1829
DA:544,1829
DA:545,1829
DA:545,1829
DA:545,1829
DA:546,1829
DA:546,1829
DA:546,1829
DA:547,1568
DA:547,1568
BRDA:547,26,0,-
BRDA:547,26,1,1568
DA:547,0
DA:550,1568
DA:550,1568
DA:550,1568
DA:551,1568
DA:551,1568
BRDA:551,27,0,1
BRDA:551,27,1,1567
DA:551,1
DA:552,1567
DA:552,1567
DA:552,1567
DA:553,1567
DA:553,1567
FN:559,YardRouter._addLiquidity
FNDA:2107,YardRouter._addLiquidity
DA:567,2107
DA:567,2107
DA:567,2107
DA:568,2107
DA:568,2107
DA:570,1848
DA:570,1848
DA:577,1848
DA:577,1848
FN:583,YardRouter._removeLiquidity
FNDA:1582,YardRouter._removeLiquidity
DA:592,1582
DA:592,1582
DA:592,1582
DA:594,1582
DA:594,1582
DA:602,1582
DA:602,1582
FN:608,YardRouter._swap
FNDA:3657,YardRouter._swap
DA:616,3657
DA:616,3657
DA:617,3657
DA:617,3657
DA:619,3395
DA:619,3395
DA:627,3395
DA:627,3395
FN:639,YardRouter._pairExists
FNDA:6536,YardRouter._pairExists
DA:640,6536
DA:640,6536
DA:640,6536
DA:641,5489
DA:641,5489
DA:641,5489
FN:653,YardRouter._checkValidity
FNDA:3666,YardRouter._checkValidity
DA:654,3666
DA:654,3666
DA:654,3666
DA:654,3666
BRDA:654,28,0,1
BRDA:654,28,1,3665
DA:654,1
DA:656,3665
DA:656,3665
BRDA:655,29,0,261
BRDA:655,29,1,3404
DA:658,261
DA:658,261
FN:670,YardRouter._transferNFT
FNDA:35065,YardRouter._transferNFT
DA:671,35065
DA:671,35065
FN:680,YardRouter._payFees
FNDA:3918,YardRouter._payFees
DA:681,3918
DA:681,3918
FN:688,YardRouter.onERC721Received
FNDA:524,YardRouter.onERC721Received
DA:694,524
DA:694,524
FNF:24
FNH:24
LF:108
LH:108
BRF:60
BRH:53
end_of_record
TN:
SF:src/contracts/libraries/Math.sol
FN:14,Math.random
FNDA:1827,Math.random
DA:15,1827
DA:15,1827
DA:15,1827
DA:15,1827
FN:30,Math.popArray
FNDA:5769,Math.popArray
DA:34,5769
DA:34,5769
DA:35,5769
DA:35,5769
DA:36,5769
DA:36,5769
DA:37,5769
DA:37,5769
FNF:2
FNH:2
LF:5
LH:5
BRF:0
BRH:0
end_of_record
TN:
SF:src/contracts/utils/YardFee.sol
FN:56,YardFee.getFee
FNDA:4253,YardFee.getFee
DA:57,4253
DA:57,4253
FN:61,YardFee.deleteFee
FNDA:15,YardFee.deleteFee
DA:62,13
DA:62,13
FN:73,YardFee.queueFeeChange
FNDA:1587,YardFee.queueFeeChange
DA:74,1339
BRDA:74,0,0,265
BRDA:74,0,1,1074
DA:74,265
DA:75,1074
DA:75,1074
BRDA:75,1,0,522
BRDA:75,1,1,552
DA:75,522
DA:76,552
DA:76,552
DA:77,552
DA:77,552
DA:78,552
DA:78,552
DA:80,552
DA:80,552
FN:88,YardFee._updateFee
FNDA:539,YardFee._updateFee
DA:89,539
DA:89,539
BRDA:89,2,0,-
BRDA:89,2,1,539
DA:89,0
DA:91,539
DA:91,539
DA:92,539
DA:92,539
DA:93,539
DA:93,539
DA:95,539
DA:95,539
FNF:4
FNH:4
LF:13
LH:13
BRF:6
BRH:5
end_of_record
TN:
SF:src/contracts/utils/YardFeeRange.sol
FN:18,YardFeeRange.feeIsSettable
FNDA:264,YardFeeRange.feeIsSettable
DA:19,5041
DA:19,5041
FNF:1
FNH:1
LF:1
LH:1
BRF:0
BRH:0
end_of_record
TN:
SF:src/contracts/utils/YardNFTWrapper.sol
FN:70,YardNFTWrapper.setFactory
FNDA:3162,YardNFTWrapper.setFactory
DA:71,3155
DA:71,3155
DA:71,3155
BRDA:71,0,0,7
BRDA:71,0,1,3148
DA:71,7
DA:72,3148
DA:72,3148
DA:72,3148
BRDA:72,1,0,7
BRDA:72,1,1,3141
DA:72,7
DA:73,3141
DA:73,3141
FN:86,YardNFTWrapper.addPair
FNDA:5872,YardNFTWrapper.addPair
DA:87,4306
DA:87,4306
DA:87,4306
BRDA:87,2,0,6
BRDA:87,2,1,4300
DA:87,6
DA:88,4300
DA:88,4300
FN:101,YardNFTWrapper.tokenURI
FNDA:3,YardNFTWrapper.tokenURI
DA:102,3
DA:102,3
FN:114,YardNFTWrapper.approve
FNDA:2,YardNFTWrapper.approve
DA:115,1
DA:115,1
FN:118,YardNFTWrapper.transferFrom
FNDA:2,YardNFTWrapper.transferFrom
DA:123,1
DA:123,1
FN:126,YardNFTWrapper.safeTransferFrom
FNDA:2,YardNFTWrapper.safeTransferFrom
DA:131,1
DA:131,1
FN:145,YardNFTWrapper.release
FNDA:7,YardNFTWrapper.release
DA:146,6
DA:146,6
FN:158,YardNFTWrapper.wrap
FNDA:36731,YardNFTWrapper.wrap
DA:163,36209
DA:163,36209
DA:164,36209
DA:164,36209
DA:166,36209
DA:166,36209
DA:168,36205
DA:168,36205
DA:170,36203
DA:170,36203
DA:171,36203
DA:171,36203
FN:182,YardNFTWrapper.unwrap
FNDA:2111,YardNFTWrapper.unwrap
DA:183,1850
DA:183,1850
DA:185,1850
DA:185,1850
DA:186,1850
DA:186,1850
FN:191,YardNFTWrapper.isReleased
FNDA:1860,YardNFTWrapper.isReleased
DA:192,1860
DA:192,1860
FNF:10
FNH:10
LF:20
LH:20
BRF:6
BRH:6
end_of_record
TN:
SF:test/__utils__/FakeTestERC20.sol
FN:9,FakeTestERC20.mint
FNDA:3982,FakeTestERC20.mint
DA:10,3982
DA:10,3982
FNF:1
FNH:1
LF:1
LH:1
BRF:0
BRH:0
end_of_record
TN:
SF:test/__utils__/FakeTestERC721.sol
FN:12,FakeTestERC721.getMintedTokensArray
FNDA:9538,FakeTestERC721.getMintedTokensArray
DA:13,9538
DA:13,9538
FN:16,FakeTestERC721.mint
FNDA:1585,FakeTestERC721.mint
DA:17,1585
DA:17,1585
DA:17,24600
DA:17,23015
DA:18,23015
DA:18,23015
DA:19,23015
DA:19,23015
DA:20,23015
DA:20,23015
FN:24,FakeTestERC721.approveAll
FNDA:1143,FakeTestERC721.approveAll
DA:25,1143
DA:25,1143
FNF:3
FNH:3
LF:6
LH:6
BRF:0
BRH:0
end_of_record
